INFO  [2023-12-07 23:10:40.067] [pool-2-thread-3] Client - Request to server: Request(value=48)
INFO  [2023-12-07 23:10:40.212] [pool-2-thread-2] Client - Request to server: Request(value=23)
INFO  [2023-12-07 23:10:40.221] [pool-2-thread-5] Client - Request to server: Request(value=34)
INFO  [2023-12-07 23:10:40.257] [pool-2-thread-1] Client - Request to server: Request(value=74)
INFO  [2023-12-07 23:10:40.392] [pool-2-thread-4] Client - Request to server: Request(value=9)
INFO  [2023-12-07 23:10:40.518] [pool-2-thread-5] Client - Response server: Response(value=1)
INFO  [2023-12-07 23:10:40.643] [pool-2-thread-3] Client - Response server: Response(value=2)
INFO  [2023-12-07 23:10:40.859] [pool-2-thread-1] Client - Response server: Response(value=3)
INFO  [2023-12-07 23:10:40.964] [pool-2-thread-1] Client - Request to server: Request(value=49)
INFO  [2023-12-07 23:10:40.976] [pool-2-thread-5] Client - Request to server: Request(value=32)
INFO  [2023-12-07 23:10:41.002] [pool-2-thread-3] Client - Request to server: Request(value=52)
INFO  [2023-12-07 23:10:41.087] [pool-2-thread-2] Client - Response server: Response(value=4)
INFO  [2023-12-07 23:10:41.300] [pool-2-thread-4] Client - Response server: Response(value=5)
INFO  [2023-12-07 23:10:41.333] [pool-2-thread-2] Client - Request to server: Request(value=41)
INFO  [2023-12-07 23:10:41.357] [pool-2-thread-1] Client - Response server: Response(value=6)
INFO  [2023-12-07 23:10:41.479] [pool-2-thread-3] Client - Response server: Response(value=7)
INFO  [2023-12-07 23:10:41.553] [pool-2-thread-5] Client - Response server: Response(value=8)
INFO  [2023-12-07 23:10:41.746] [pool-2-thread-4] Client - Request to server: Request(value=35)
INFO  [2023-12-07 23:10:41.768] [pool-2-thread-1] Client - Request to server: Request(value=59)
INFO  [2023-12-07 23:10:41.863] [pool-2-thread-5] Client - Request to server: Request(value=33)
INFO  [2023-12-07 23:10:41.877] [pool-2-thread-4] Client - Response server: Response(value=9)
INFO  [2023-12-07 23:10:41.892] [pool-2-thread-3] Client - Request to server: Request(value=53)
INFO  [2023-12-07 23:10:42.042] [pool-2-thread-2] Client - Response server: Response(value=10)
INFO  [2023-12-07 23:10:42.297] [pool-2-thread-2] Client - Request to server: Request(value=58)
INFO  [2023-12-07 23:10:42.306] [pool-2-thread-4] Client - Request to server: Request(value=70)
INFO  [2023-12-07 23:10:42.344] [pool-2-thread-1] Client - Response server: Response(value=11)
INFO  [2023-12-07 23:10:42.617] [pool-2-thread-3] Client - Response server: Response(value=12)
INFO  [2023-12-07 23:10:42.619] [pool-2-thread-4] Client - Response server: Response(value=13)
INFO  [2023-12-07 23:10:42.637] [pool-2-thread-5] Client - Response server: Response(value=14)
INFO  [2023-12-07 23:10:42.712] [pool-2-thread-1] Client - Request to server: Request(value=26)
INFO  [2023-12-07 23:10:42.838] [pool-2-thread-5] Client - Request to server: Request(value=25)
INFO  [2023-12-07 23:10:42.988] [pool-2-thread-4] Client - Request to server: Request(value=20)
INFO  [2023-12-07 23:10:43.107] [pool-2-thread-3] Client - Request to server: Request(value=79)
INFO  [2023-12-07 23:10:43.190] [pool-2-thread-4] Client - Response server: Response(value=15)
INFO  [2023-12-07 23:10:43.246] [pool-2-thread-5] Client - Response server: Response(value=16)
INFO  [2023-12-07 23:10:43.260] [pool-2-thread-2] Client - Response server: Response(value=17)
INFO  [2023-12-07 23:10:43.375] [pool-2-thread-2] Client - Request to server: Request(value=85)
INFO  [2023-12-07 23:10:43.391] [pool-2-thread-5] Client - Request to server: Request(value=17)
INFO  [2023-12-07 23:10:43.408] [pool-2-thread-1] Client - Response server: Response(value=18)
INFO  [2023-12-07 23:10:43.411] [pool-2-thread-4] Client - Request to server: Request(value=54)
INFO  [2023-12-07 23:10:43.605] [pool-2-thread-4] Client - Response server: Response(value=19)
INFO  [2023-12-07 23:10:43.845] [pool-2-thread-5] Client - Response server: Response(value=20)
INFO  [2023-12-07 23:10:43.848] [pool-2-thread-1] Client - Request to server: Request(value=98)
INFO  [2023-12-07 23:10:43.941] [pool-2-thread-3] Client - Response server: Response(value=21)
INFO  [2023-12-07 23:10:44.084] [pool-2-thread-4] Client - Request to server: Request(value=42)
INFO  [2023-12-07 23:10:44.136] [pool-2-thread-3] Client - Request to server: Request(value=8)
INFO  [2023-12-07 23:10:44.298] [pool-2-thread-5] Client - Request to server: Request(value=63)
INFO  [2023-12-07 23:10:44.356] [pool-2-thread-4] Client - Response server: Response(value=22)
INFO  [2023-12-07 23:10:44.359] [pool-2-thread-2] Client - Response server: Response(value=23)
INFO  [2023-12-07 23:10:44.608] [pool-2-thread-2] Client - Request to server: Request(value=16)
INFO  [2023-12-07 23:10:44.694] [pool-2-thread-1] Client - Response server: Response(value=24)
INFO  [2023-12-07 23:10:44.775] [pool-2-thread-4] Client - Request to server: Request(value=97)
INFO  [2023-12-07 23:10:44.944] [pool-2-thread-2] Client - Response server: Response(value=25)
INFO  [2023-12-07 23:10:44.999] [pool-2-thread-3] Client - Response server: Response(value=26)
INFO  [2023-12-07 23:10:45.054] [pool-2-thread-1] Client - Request to server: Request(value=81)
INFO  [2023-12-07 23:10:45.159] [pool-2-thread-3] Client - Request to server: Request(value=50)
INFO  [2023-12-07 23:10:45.258] [pool-2-thread-5] Client - Response server: Response(value=27)
INFO  [2023-12-07 23:10:45.421] [pool-2-thread-1] Client - Response server: Response(value=28)
INFO  [2023-12-07 23:10:45.432] [pool-2-thread-2] Client - Request to server: Request(value=61)
INFO  [2023-12-07 23:10:45.580] [pool-2-thread-4] Client - Response server: Response(value=29)
INFO  [2023-12-07 23:10:45.585] [pool-2-thread-5] Client - Request to server: Request(value=78)
INFO  [2023-12-07 23:10:45.712] [pool-2-thread-4] Client - Request to server: Request(value=55)
INFO  [2023-12-07 23:10:45.765] [pool-2-thread-1] Client - Request to server: Request(value=28)
INFO  [2023-12-07 23:10:45.974] [pool-2-thread-2] Client - Response server: Response(value=30)
INFO  [2023-12-07 23:10:46.032] [pool-2-thread-3] Client - Response server: Response(value=31)
INFO  [2023-12-07 23:10:46.041] [pool-2-thread-5] Client - Response server: Response(value=32)
INFO  [2023-12-07 23:10:46.342] [pool-2-thread-3] Client - Request to server: Request(value=43)
INFO  [2023-12-07 23:10:46.347] [pool-2-thread-5] Client - Request to server: Request(value=4)
INFO  [2023-12-07 23:10:46.368] [pool-2-thread-2] Client - Request to server: Request(value=21)
INFO  [2023-12-07 23:10:46.484] [pool-2-thread-1] Client - Response server: Response(value=33)
INFO  [2023-12-07 23:10:46.595] [pool-2-thread-4] Client - Response server: Response(value=34)
INFO  [2023-12-07 23:10:46.605] [pool-2-thread-2] Client - Response server: Response(value=35)
INFO  [2023-12-07 23:10:46.738] [pool-2-thread-1] Client - Request to server: Request(value=65)
INFO  [2023-12-07 23:10:46.794] [pool-2-thread-4] Client - Request to server: Request(value=36)
INFO  [2023-12-07 23:10:46.945] [pool-2-thread-5] Client - Response server: Response(value=36)
INFO  [2023-12-07 23:10:47.067] [pool-2-thread-2] Client - Request to server: Request(value=87)
INFO  [2023-12-07 23:10:47.081] [pool-2-thread-3] Client - Response server: Response(value=37)
INFO  [2023-12-07 23:10:47.308] [pool-2-thread-3] Client - Request to server: Request(value=93)
INFO  [2023-12-07 23:10:47.390] [pool-2-thread-1] Client - Response server: Response(value=38)
INFO  [2023-12-07 23:10:47.414] [pool-2-thread-5] Client - Request to server: Request(value=15)
INFO  [2023-12-07 23:10:47.635] [pool-2-thread-3] Client - Response server: Response(value=39)
INFO  [2023-12-07 23:10:47.654] [pool-2-thread-2] Client - Response server: Response(value=40)
INFO  [2023-12-07 23:10:47.659] [pool-2-thread-4] Client - Response server: Response(value=41)
INFO  [2023-12-07 23:10:47.786] [pool-2-thread-3] Client - Request to server: Request(value=94)
INFO  [2023-12-07 23:10:47.820] [pool-2-thread-4] Client - Request to server: Request(value=69)
INFO  [2023-12-07 23:10:47.858] [pool-2-thread-1] Client - Request to server: Request(value=89)
INFO  [2023-12-07 23:10:47.889] [pool-2-thread-5] Client - Response server: Response(value=42)
INFO  [2023-12-07 23:10:47.904] [pool-2-thread-3] Client - Response server: Response(value=43)
INFO  [2023-12-07 23:10:47.927] [pool-2-thread-2] Client - Request to server: Request(value=56)
INFO  [2023-12-07 23:10:48.081] [pool-2-thread-4] Client - Response server: Response(value=44)
INFO  [2023-12-07 23:10:48.171] [pool-2-thread-3] Client - Request to server: Request(value=10)
INFO  [2023-12-07 23:10:48.213] [pool-2-thread-2] Client - Response server: Response(value=45)
INFO  [2023-12-07 23:10:48.293] [pool-2-thread-5] Client - Request to server: Request(value=51)
INFO  [2023-12-07 23:10:48.409] [pool-2-thread-5] Client - Response server: Response(value=46)
INFO  [2023-12-07 23:10:48.464] [pool-2-thread-4] Client - Request to server: Request(value=45)
INFO  [2023-12-07 23:10:48.552] [pool-2-thread-5] Client - Request to server: Request(value=19)
INFO  [2023-12-07 23:10:48.629] [pool-2-thread-1] Client - Response server: Response(value=47)
INFO  [2023-12-07 23:10:48.639] [pool-2-thread-2] Client - Request to server: Request(value=80)
INFO  [2023-12-07 23:10:48.677] [pool-2-thread-4] Client - Response server: Response(value=48)
INFO  [2023-12-07 23:10:48.959] [pool-2-thread-4] Client - Request to server: Request(value=77)
INFO  [2023-12-07 23:10:48.968] [pool-2-thread-3] Client - Response server: Response(value=49)
INFO  [2023-12-07 23:10:49.046] [pool-2-thread-1] Client - Request to server: Request(value=11)
INFO  [2023-12-07 23:10:49.327] [pool-2-thread-5] Client - Response server: Response(value=50)
INFO  [2023-12-07 23:10:49.334] [pool-2-thread-3] Client - Request to server: Request(value=29)
INFO  [2023-12-07 23:10:49.479] [pool-2-thread-1] Client - Response server: Response(value=51)
INFO  [2023-12-07 23:10:49.613] [pool-2-thread-2] Client - Response server: Response(value=52)
INFO  [2023-12-07 23:10:49.650] [pool-2-thread-1] Client - Request to server: Request(value=66)
INFO  [2023-12-07 23:10:49.663] [pool-2-thread-5] Client - Request to server: Request(value=62)
INFO  [2023-12-07 23:10:49.731] [pool-2-thread-4] Client - Response server: Response(value=53)
INFO  [2023-12-07 23:10:49.850] [pool-2-thread-2] Client - Request to server: Request(value=75)
INFO  [2023-12-07 23:10:49.895] [pool-2-thread-4] Client - Request to server: Request(value=39)
INFO  [2023-12-07 23:10:50.121] [pool-2-thread-5] Client - Response server: Response(value=54)
INFO  [2023-12-07 23:10:50.311] [pool-2-thread-3] Client - Response server: Response(value=55)
INFO  [2023-12-07 23:10:50.340] [pool-2-thread-4] Client - Response server: Response(value=56)
INFO  [2023-12-07 23:10:50.346] [pool-2-thread-1] Client - Response server: Response(value=57)
INFO  [2023-12-07 23:10:50.453] [pool-2-thread-3] Client - Request to server: Request(value=88)
INFO  [2023-12-07 23:10:50.486] [pool-2-thread-1] Client - Request to server: Request(value=13)
INFO  [2023-12-07 23:10:50.577] [pool-2-thread-2] Client - Response server: Response(value=58)
INFO  [2023-12-07 23:10:50.613] [pool-2-thread-5] Client - Request to server: Request(value=91)
INFO  [2023-12-07 23:10:50.767] [pool-2-thread-4] Client - Request to server: Request(value=73)
INFO  [2023-12-07 23:10:50.886] [pool-2-thread-2] Client - Request to server: Request(value=90)
INFO  [2023-12-07 23:10:50.912] [pool-2-thread-5] Client - Response server: Response(value=59)
INFO  [2023-12-07 23:10:51.150] [pool-2-thread-1] Client - Response server: Response(value=60)
INFO  [2023-12-07 23:10:51.244] [pool-2-thread-5] Client - Request to server: Request(value=95)
INFO  [2023-12-07 23:10:51.318] [pool-2-thread-1] Client - Request to server: Request(value=37)
INFO  [2023-12-07 23:10:51.355] [pool-2-thread-5] Client - Response server: Response(value=61)
INFO  [2023-12-07 23:10:51.437] [pool-2-thread-3] Client - Response server: Response(value=62)
INFO  [2023-12-07 23:10:51.549] [pool-2-thread-5] Client - Request to server: Request(value=64)
INFO  [2023-12-07 23:10:51.681] [pool-2-thread-4] Client - Response server: Response(value=63)
INFO  [2023-12-07 23:10:51.750] [pool-2-thread-1] Client - Response server: Response(value=64)
INFO  [2023-12-07 23:10:51.780] [pool-2-thread-2] Client - Response server: Response(value=65)
INFO  [2023-12-07 23:10:51.854] [pool-2-thread-1] Client - Request to server: Request(value=76)
INFO  [2023-12-07 23:10:51.860] [pool-2-thread-3] Client - Request to server: Request(value=46)
INFO  [2023-12-07 23:10:51.950] [pool-2-thread-5] Client - Response server: Response(value=66)
INFO  [2023-12-07 23:10:51.983] [pool-2-thread-2] Client - Request to server: Request(value=2)
INFO  [2023-12-07 23:10:52.022] [pool-2-thread-4] Client - Request to server: Request(value=30)
INFO  [2023-12-07 23:10:52.060] [pool-2-thread-5] Client - Request to server: Request(value=86)
INFO  [2023-12-07 23:10:52.235] [pool-2-thread-2] Client - Response server: Response(value=67)
INFO  [2023-12-07 23:10:52.294] [pool-2-thread-3] Client - Response server: Response(value=68)
INFO  [2023-12-07 23:10:52.505] [pool-2-thread-5] Client - Response server: Response(value=69)
INFO  [2023-12-07 23:10:52.538] [pool-2-thread-2] Client - Request to server: Request(value=1)
INFO  [2023-12-07 23:10:52.666] [pool-2-thread-4] Client - Response server: Response(value=70)
INFO  [2023-12-07 23:10:52.684] [pool-2-thread-5] Client - Request to server: Request(value=60)
INFO  [2023-12-07 23:10:52.775] [pool-2-thread-1] Client - Response server: Response(value=71)
INFO  [2023-12-07 23:10:52.795] [pool-2-thread-3] Client - Request to server: Request(value=5)
INFO  [2023-12-07 23:10:52.932] [pool-2-thread-2] Client - Response server: Response(value=72)
INFO  [2023-12-07 23:10:53.078] [pool-2-thread-4] Client - Request to server: Request(value=68)
INFO  [2023-12-07 23:10:53.181] [pool-2-thread-2] Client - Request to server: Request(value=71)
INFO  [2023-12-07 23:10:53.248] [pool-2-thread-1] Client - Request to server: Request(value=84)
INFO  [2023-12-07 23:10:53.296] [pool-2-thread-5] Client - Response server: Response(value=73)
INFO  [2023-12-07 23:10:53.346] [pool-2-thread-2] Client - Response server: Response(value=74)
INFO  [2023-12-07 23:10:53.531] [pool-2-thread-1] Client - Response server: Response(value=75)
INFO  [2023-12-07 23:10:53.555] [pool-2-thread-2] Client - Request to server: Request(value=24)
INFO  [2023-12-07 23:10:53.614] [pool-2-thread-3] Client - Response server: Response(value=76)
INFO  [2023-12-07 23:10:53.670] [pool-2-thread-2] Client - Response server: Response(value=77)
INFO  [2023-12-07 23:10:53.687] [pool-2-thread-4] Client - Response server: Response(value=78)
INFO  [2023-12-07 23:10:53.733] [pool-2-thread-1] Client - Request to server: Request(value=7)
INFO  [2023-12-07 23:10:53.745] [pool-2-thread-5] Client - Request to server: Request(value=92)
INFO  [2023-12-07 23:10:54.019] [pool-2-thread-2] Client - Request to server: Request(value=99)
INFO  [2023-12-07 23:10:54.022] [pool-2-thread-3] Client - Request to server: Request(value=96)
INFO  [2023-12-07 23:10:54.134] [pool-2-thread-4] Client - Request to server: Request(value=14)
INFO  [2023-12-07 23:10:54.146] [pool-2-thread-2] Client - Response server: Response(value=79)
INFO  [2023-12-07 23:10:54.443] [pool-2-thread-2] Client - Request to server: Request(value=3)
INFO  [2023-12-07 23:10:54.452] [pool-2-thread-1] Client - Response server: Response(value=80)
INFO  [2023-12-07 23:10:54.740] [pool-2-thread-5] Client - Response server: Response(value=81)
INFO  [2023-12-07 23:10:54.846] [pool-2-thread-1] Client - Request to server: Request(value=22)
INFO  [2023-12-07 23:10:54.921] [pool-2-thread-3] Client - Response server: Response(value=82)
INFO  [2023-12-07 23:10:54.929] [pool-2-thread-4] Client - Response server: Response(value=83)
INFO  [2023-12-07 23:10:55.008] [pool-2-thread-1] Client - Response server: Response(value=84)
INFO  [2023-12-07 23:10:55.008] [pool-2-thread-2] Client - Response server: Response(value=85)
INFO  [2023-12-07 23:10:55.015] [pool-2-thread-5] Client - Request to server: Request(value=6)
INFO  [2023-12-07 23:10:55.199] [pool-2-thread-2] Client - Request to server: Request(value=82)
INFO  [2023-12-07 23:10:55.257] [pool-2-thread-4] Client - Request to server: Request(value=47)
INFO  [2023-12-07 23:10:55.303] [pool-2-thread-3] Client - Request to server: Request(value=40)
INFO  [2023-12-07 23:10:55.438] [pool-2-thread-1] Client - Request to server: Request(value=18)
INFO  [2023-12-07 23:10:55.475] [pool-2-thread-4] Client - Response server: Response(value=86)
INFO  [2023-12-07 23:10:55.638] [pool-2-thread-3] Client - Response server: Response(value=87)
INFO  [2023-12-07 23:10:55.659] [pool-2-thread-1] Client - Response server: Response(value=88)
INFO  [2023-12-07 23:10:55.692] [pool-2-thread-2] Client - Response server: Response(value=89)
INFO  [2023-12-07 23:10:55.800] [pool-2-thread-5] Client - Response server: Response(value=90)
INFO  [2023-12-07 23:10:55.885] [pool-2-thread-1] Client - Request to server: Request(value=27)
INFO  [2023-12-07 23:10:55.931] [pool-2-thread-4] Client - Request to server: Request(value=31)
INFO  [2023-12-07 23:10:56.015] [pool-2-thread-5] Client - Request to server: Request(value=38)
INFO  [2023-12-07 23:10:56.083] [pool-2-thread-3] Client - Request to server: Request(value=100)
INFO  [2023-12-07 23:10:56.111] [pool-2-thread-1] Client - Response server: Response(value=91)
INFO  [2023-12-07 23:10:56.116] [pool-2-thread-2] Client - Request to server: Request(value=72)
INFO  [2023-12-07 23:10:56.394] [pool-2-thread-4] Client - Response server: Response(value=92)
INFO  [2023-12-07 23:10:56.413] [pool-2-thread-5] Client - Response server: Response(value=93)
INFO  [2023-12-07 23:10:56.551] [pool-2-thread-1] Client - Request to server: Request(value=57)
INFO  [2023-12-07 23:10:56.848] [pool-2-thread-5] Client - Request to server: Request(value=44)
INFO  [2023-12-07 23:10:56.850] [pool-2-thread-4] Client - Request to server: Request(value=83)
INFO  [2023-12-07 23:10:56.862] [pool-2-thread-3] Client - Response server: Response(value=94)
INFO  [2023-12-07 23:10:56.966] [pool-2-thread-4] Client - Response server: Response(value=95)
INFO  [2023-12-07 23:10:57.022] [pool-2-thread-5] Client - Response server: Response(value=96)
INFO  [2023-12-07 23:10:57.047] [pool-2-thread-2] Client - Response server: Response(value=97)
INFO  [2023-12-07 23:10:57.133] [pool-2-thread-3] Client - Request to server: Request(value=67)
INFO  [2023-12-07 23:10:57.361] [pool-2-thread-3] Client - Response server: Response(value=98)
INFO  [2023-12-07 23:10:57.390] [pool-2-thread-4] Client - Request to server: Request(value=12)
INFO  [2023-12-07 23:10:57.444] [pool-2-thread-1] Client - Response server: Response(value=99)
INFO  [2023-12-07 23:10:57.960] [pool-2-thread-4] Client - Response server: Response(value=100)
INFO  [2023-12-07 23:10:57.973] [Test worker] Client - Checking size dataList: 0
INFO  [2023-12-07 23:10:57.974] [Test worker] Client - Checking accumulator size: 5050
INFO  [2023-12-07 23:10:57.976] [Test worker] Client - Checking data on the server : true
